This is pdfTeX, Version 3.141592653-2.6-1.40.23 (MiKTeX 21.8) (preloaded format=pdflatex 2021.9.2)  25 OCT 2021 08:46
entering extended mode
**./CompareScenarios.tex
(CompareScenarios.tex
LaTeX2e <2021-06-01> patch level 1
L3 programming layer <2021-08-27>
(C:\Program Files\MiKTeX\tex/latex/base\article.cls
Document Class: article 2021/02/12 v1.4n Standard LaTeX document class
(C:\Program Files\MiKTeX\tex/latex/base\size10.clo
File: size10.clo 2021/02/12 v1.4n Standard LaTeX file (size option)
)
\c@part=\count182
\c@section=\count183
\c@subsection=\count184
\c@subsubsection=\count185
\c@paragraph=\count186
\c@subparagraph=\count187
\c@figure=\count188
\c@table=\count189
\abovecaptionskip=\skip47
\belowcaptionskip=\skip48
\bibindent=\dimen138
)
(C:\Program Files\MiKTeX\tex/latex/graphics\graphicx.sty
Package: graphicx 2020/12/05 v1.2c Enhanced LaTeX Graphics (DPC,SPQR)

(C:\Program Files\MiKTeX\tex/latex/graphics\keyval.sty
Package: keyval 2014/10/28 v1.15 key=value parser (DPC)
\KV@toks@=\toks16
)
(C:\Program Files\MiKTeX\tex/latex/graphics\graphics.sty
Package: graphics 2021/03/04 v1.4d Standard LaTeX Graphics (DPC,SPQR)

(C:\Program Files\MiKTeX\tex/latex/graphics\trig.sty
Package: trig 2016/01/03 v1.10 sin cos tan (DPC)
)
(C:\Program Files\MiKTeX\tex/latex/graphics-cfg\graphics.cfg
File: graphics.cfg 2016/06/04 v1.11 sample graphics configuration
)
Package graphics Info: Driver file: pdftex.def on input line 107.

(C:\Program Files\MiKTeX\tex/latex/graphics-def\pdftex.def
File: pdftex.def 2020/10/05 v1.2a Graphics/color driver for pdftex
))
\Gin@req@height=\dimen139
\Gin@req@width=\dimen140
)
(C:\Program Files\MiKTeX\tex/latex/graphics\color.sty
Package: color 2020/02/24 v1.2b Standard LaTeX Color (DPC)

(C:\Program Files\MiKTeX\tex/latex/graphics-cfg\color.cfg
File: color.cfg 2016/01/02 v1.6 sample color configuration
)
Package color Info: Driver file: pdftex.def on input line 149.
)
(C:\Users\johannah\AppData\Roaming\MiKTeX\tex/latex/framed\framed.sty
Package: framed 2011/10/22 v 0.96: framed or shaded text with page breaks
\OuterFrameSep=\skip49
\fb@frw=\dimen141
\fb@frh=\dimen142
\FrameRule=\dimen143
\FrameSep=\dimen144
)
(C:\Program Files\MiKTeX\tex/latex/base\alltt.sty
Package: alltt 2021/01/29 v2.0g defines alltt environment
)
(C:\Users\johannah\AppData\Roaming\MiKTeX\tex/latex/float\float.sty
Package: float 2001/11/08 v1.3d Float enhancements (AL)
\c@float@type=\count190
\float@exts=\toks17
\float@box=\box50
\@float@everytoks=\toks18
\@floatcapt=\box51
)
(C:\Program Files\MiKTeX\tex/latex/hyperref\hyperref.sty
Package: hyperref 2021-06-07 v7.00m Hypertext links for LaTeX

(C:\Users\johannah\AppData\Roaming\MiKTeX\tex/generic/ltxcmds\ltxcmds.sty
Package: ltxcmds 2020-05-10 v1.25 LaTeX kernel commands for general use (HO)
)
(C:\Program Files\MiKTeX\tex/generic/iftex\iftex.sty
Package: iftex 2020/03/06 v1.0d TeX engine tests
)
(C:\Program Files\MiKTeX\tex/generic/pdftexcmds\pdftexcmds.sty
Package: pdftexcmds 2020-06-27 v0.33 Utility functions of pdfTeX for LuaTeX (HO
)

(C:\Users\johannah\AppData\Roaming\MiKTeX\tex/generic/infwarerr\infwarerr.sty
Package: infwarerr 2019/12/03 v1.5 Providing info/warning/error messages (HO)
)
Package pdftexcmds Info: \pdf@primitive is available.
Package pdftexcmds Info: \pdf@ifprimitive is available.
Package pdftexcmds Info: \pdfdraftmode found.
) (C:\Users\johannah\AppData\Roaming\MiKTeX\tex/generic/kvsetkeys\kvsetkeys.sty
Package: kvsetkeys 2019/12/15 v1.18 Key value parser (HO)
)
(C:\Users\johannah\AppData\Roaming\MiKTeX\tex/generic/kvdefinekeys\kvdefinekeys
.sty
Package: kvdefinekeys 2019-12-19 v1.6 Define keys (HO)
)
(C:\Users\johannah\AppData\Roaming\MiKTeX\tex/generic/pdfescape\pdfescape.sty
Package: pdfescape 2019/12/09 v1.15 Implements pdfTeX's escape features (HO)
)
(C:\Users\johannah\AppData\Roaming\MiKTeX\tex/latex/hycolor\hycolor.sty
Package: hycolor 2020-01-27 v1.10 Color options for hyperref/bookmark (HO)
)
(C:\Users\johannah\AppData\Roaming\MiKTeX\tex/latex/letltxmacro\letltxmacro.sty
Package: letltxmacro 2019/12/03 v1.6 Let assignment for LaTeX macros (HO)
) (C:\Users\johannah\AppData\Roaming\MiKTeX\tex/latex/auxhook\auxhook.sty
Package: auxhook 2019-12-17 v1.6 Hooks for auxiliary files (HO)
)
(C:\Users\johannah\AppData\Roaming\MiKTeX\tex/latex/kvoptions\kvoptions.sty
Package: kvoptions 2020-10-07 v3.14 Key value format for package options (HO)
)
\@linkdim=\dimen145
\Hy@linkcounter=\count191
\Hy@pagecounter=\count192

(C:\Program Files\MiKTeX\tex/latex/hyperref\pd1enc.def
File: pd1enc.def 2021-06-07 v7.00m Hyperref: PDFDocEncoding definition (HO)
Now handling font encoding PD1 ...
... no UTF-8 mapping file for font encoding PD1
)
(C:\Program Files\MiKTeX\tex/latex/hyperref\hyperref-langpatches.def
File: hyperref-langpatches.def 2021-06-07 v7.00m Hyperref: patches for babel la
nguages
)
(C:\Users\johannah\AppData\Roaming\MiKTeX\tex/generic/intcalc\intcalc.sty
Package: intcalc 2019/12/15 v1.3 Expandable calculations with integers (HO)
)
(C:\Users\johannah\AppData\Roaming\MiKTeX\tex/generic/etexcmds\etexcmds.sty
Package: etexcmds 2019/12/15 v1.7 Avoid name clashes with e-TeX commands (HO)
)
\Hy@SavedSpaceFactor=\count193

(C:\Program Files\MiKTeX\tex/latex/hyperref\puenc.def
File: puenc.def 2021-06-07 v7.00m Hyperref: PDF Unicode definition (HO)
Now handling font encoding PU ...
... no UTF-8 mapping file for font encoding PU
)
Package hyperref Info: Option `colorlinks' set `true' on input line 4073.
Package hyperref Info: Hyper figures OFF on input line 4192.
Package hyperref Info: Link nesting OFF on input line 4197.
Package hyperref Info: Hyper index ON on input line 4200.
Package hyperref Info: Plain pages OFF on input line 4207.
Package hyperref Info: Backreferencing OFF on input line 4212.
Package hyperref Info: Implicit mode ON; LaTeX internals redefined.
Package hyperref Info: Bookmarks ON on input line 4445.
\c@Hy@tempcnt=\count194

(C:\Program Files\MiKTeX\tex/latex/url\url.sty
\Urlmuskip=\muskip16
Package: url 2013/09/16  ver 3.4  Verb mode for urls, etc.
)
LaTeX Info: Redefining \url on input line 4804.
\XeTeXLinkMargin=\dimen146

(C:\Users\johannah\AppData\Roaming\MiKTeX\tex/generic/bitset\bitset.sty
Package: bitset 2019/12/09 v1.3 Handle bit-vector datatype (HO)

(C:\Users\johannah\AppData\Roaming\MiKTeX\tex/generic/bigintcalc\bigintcalc.sty
Package: bigintcalc 2019/12/15 v1.5 Expandable calculations on big integers (HO
)
))
\Fld@menulength=\count195
\Field@Width=\dimen147
\Fld@charsize=\dimen148
Package hyperref Info: Hyper figures OFF on input line 6076.
Package hyperref Info: Link nesting OFF on input line 6081.
Package hyperref Info: Hyper index ON on input line 6084.
Package hyperref Info: backreferencing OFF on input line 6091.
Package hyperref Info: Link coloring ON on input line 6094.
Package hyperref Info: Link coloring with OCG OFF on input line 6101.
Package hyperref Info: PDF/A mode OFF on input line 6106.
LaTeX Info: Redefining \ref on input line 6146.
LaTeX Info: Redefining \pageref on input line 6150.
 (C:\Program Files\MiKTeX\tex/latex/base\atbegshi-ltx.sty
Package: atbegshi-ltx 2021/01/10 v1.0c Emulation of the original atbegshi
package with kernel methods
)
\Hy@abspage=\count196
\c@Item=\count197
\c@Hfootnote=\count198
)
Package hyperref Info: Driver (autodetected): hpdftex.

(C:\Program Files\MiKTeX\tex/latex/hyperref\hpdftex.def
File: hpdftex.def 2021-06-07 v7.00m Hyperref driver for pdfTeX

(C:\Program Files\MiKTeX\tex/latex/base\atveryend-ltx.sty
Package: atveryend-ltx 2020/08/19 v1.0a Emulation of the original atvery packag
e
with kernel methods
)
\Fld@listcount=\count199
\c@bookmark@seq@number=\count266

(C:\Users\johannah\AppData\Roaming\MiKTeX\tex/latex/rerunfilecheck\rerunfileche
ck.sty
Package: rerunfilecheck 2019/12/05 v1.9 Rerun checks for auxiliary files (HO)

(C:\Users\johannah\AppData\Roaming\MiKTeX\tex/generic/uniquecounter\uniquecount
er.sty
Package: uniquecounter 2019/12/15 v1.4 Provide unlimited unique counter (HO)
)
Package uniquecounter Info: New unique counter `rerunfilecheck' on input line 2
86.
)
\Hy@SectionHShift=\skip50
)

Package hyperref Warning: Option `bookmarks' has already been used,
(hyperref)                setting the option has no effect on input line 67.

(C:\Users\johannah\AppData\Roaming\MiKTeX\tex/latex/upquote\upquote.sty
Package: upquote 2012/04/19 v1.3 upright-quote and grave-accent glyphs in verba
tim
)
(C:\Program Files\MiKTeX\tex/latex/l3backend\l3backend-pdftex.def
File: l3backend-pdftex.def 2021-08-04 L3 backend support: PDF output (pdfTeX)
\l__color_backend_stack_int=\count267
\l__pdf_internal_box=\box52
)
(CompareScenarios.aux)
\openout1 = `CompareScenarios.aux'.

LaTeX Font Info:    Checking defaults for OML/cmm/m/it on input line 71.
LaTeX Font Info:    ... okay on input line 71.
LaTeX Font Info:    Checking defaults for OMS/cmsy/m/n on input line 71.
LaTeX Font Info:    ... okay on input line 71.
LaTeX Font Info:    Checking defaults for OT1/cmr/m/n on input line 71.
LaTeX Font Info:    ... okay on input line 71.
LaTeX Font Info:    Checking defaults for T1/cmr/m/n on input line 71.
LaTeX Font Info:    ... okay on input line 71.
LaTeX Font Info:    Checking defaults for TS1/cmr/m/n on input line 71.
LaTeX Font Info:    ... okay on input line 71.
LaTeX Font Info:    Checking defaults for OMX/cmex/m/n on input line 71.
LaTeX Font Info:    ... okay on input line 71.
LaTeX Font Info:    Checking defaults for U/cmr/m/n on input line 71.
LaTeX Font Info:    ... okay on input line 71.
LaTeX Font Info:    Checking defaults for PD1/pdf/m/n on input line 71.
LaTeX Font Info:    ... okay on input line 71.
LaTeX Font Info:    Checking defaults for PU/pdf/m/n on input line 71.
LaTeX Font Info:    ... okay on input line 71.

(C:\Program Files\MiKTeX\tex/context/base/mkii\supp-pdf.mkii
[Loading MPS to PDF converter (version 2006.09.02).]
\scratchcounter=\count268
\scratchdimen=\dimen149
\scratchbox=\box53
\nofMPsegments=\count269
\nofMParguments=\count270
\everyMPshowfont=\toks19
\MPscratchCnt=\count271
\MPscratchDim=\dimen150
\MPnumerator=\count272
\makeMPintoPDFobject=\count273
\everyMPtoPDFconversion=\toks20
) (C:\Program Files\MiKTeX\tex/latex/epstopdf-pkg\epstopdf-base.sty
Package: epstopdf-base 2020-01-24 v2.11 Base part for package epstopdf
Package epstopdf-base Info: Redefining graphics rule for `.eps' on input line 4
85.

(C:\Program Files\MiKTeX\tex/latex/00miktex\epstopdf-sys.cfg
File: epstopdf-sys.cfg 2021/03/18 v2.0 Configuration of epstopdf for MiKTeX
))
Package hyperref Info: Link coloring ON on input line 71.

(C:\Program Files\MiKTeX\tex/latex/hyperref\nameref.sty
Package: nameref 2021-04-02 v2.47 Cross-referencing by name of section

(C:\Users\johannah\AppData\Roaming\MiKTeX\tex/latex/refcount\refcount.sty
Package: refcount 2019/12/15 v3.6 Data extraction from label references (HO)
)
(C:\Users\johannah\AppData\Roaming\MiKTeX\tex/generic/gettitlestring\gettitlest
ring.sty
Package: gettitlestring 2019/12/15 v1.6 Cleanup title references (HO)
)
\c@section@level=\count274
)
LaTeX Info: Redefining \ref on input line 71.
LaTeX Info: Redefining \pageref on input line 71.
LaTeX Info: Redefining \nameref on input line 71.
 (CompareScenarios.out) (CompareScenarios.out)
\@outlinefile=\write3
\openout3 = `CompareScenarios.out'.

 (CompareScenarios.toc
LaTeX Font Info:    External font `cmex10' loaded for size
(Font)              <7> on input line 2.
LaTeX Font Info:    External font `cmex10' loaded for size
(Font)              <5> on input line 2.
)
\tf@toc=\write4
\openout4 = `CompareScenarios.toc'.

[1

{C:/Users/johannah/AppData/Local/MiKTeX/pdftex/config/pdftex.map}]
Package color Info: Redefining color shadecolor on input line 84.
<figure/1-1.pdf, id=102, 505.89pt x 289.08pt>
File: figure/1-1.pdf Graphic file (type pdf)
<use figure/1-1.pdf>
Package pdftex.def Info: figure/1-1.pdf  used on input line 85.
(pdftex.def)             Requested size: 396.39595pt x 226.51807pt.
Package color Info: Redefining color shadecolor on input line 92.
<figure/2-1.pdf, id=103, 505.89pt x 325.215pt>
File: figure/2-1.pdf Graphic file (type pdf)
<use figure/2-1.pdf>
Package pdftex.def Info: figure/2-1.pdf  used on input line 93.
(pdftex.def)             Requested size: 396.39595pt x 254.83282pt.
Package color Info: Redefining color shadecolor on input line 100.
<figure/3-1.pdf, id=104, 1156.32pt x 650.43pt>
File: figure/3-1.pdf Graphic file (type pdf)
<use figure/3-1.pdf>
Package pdftex.def Info: figure/3-1.pdf  used on input line 101.
(pdftex.def)             Requested size: 396.39595pt x 222.96942pt.

Underfull \vbox (badness 10000) has occurred while \output is active []

 [2 <./figure/1-1.pdf> <./figure/2-1.pdf> <./figure/3-1.pdf>]
Package color Info: Redefining color shadecolor on input line 109.
<figure/4-1.pdf, id=125, 1156.32pt x 578.16pt>
File: figure/4-1.pdf Graphic file (type pdf)
<use figure/4-1.pdf>
Package pdftex.def Info: figure/4-1.pdf  used on input line 110.
(pdftex.def)             Requested size: 802.79192pt x 401.39217pt.
 [3

 <./figure/4-1.pdf>]
Package color Info: Redefining color shadecolor on input line 119.
<figure/5-1.pdf, id=136, 505.89pt x 252.945pt>
File: figure/5-1.pdf Graphic file (type pdf)
<use figure/5-1.pdf>
Package pdftex.def Info: figure/5-1.pdf  used on input line 120.
(pdftex.def)             Requested size: 396.39595pt x 198.20331pt.
Package color Info: Redefining color shadecolor on input line 127.
<figure/6-1.pdf, id=137, 505.89pt x 325.215pt>
File: figure/6-1.pdf Graphic file (type pdf)
<use figure/6-1.pdf>
Package pdftex.def Info: figure/6-1.pdf  used on input line 128.
(pdftex.def)             Requested size: 396.39595pt x 254.83282pt.
Package color Info: Redefining color shadecolor on input line 135.
<figure/7-1.pdf, id=138, 578.16pt x 650.43pt>
File: figure/7-1.pdf Graphic file (type pdf)
<use figure/7-1.pdf>
Package pdftex.def Info: figure/7-1.pdf  used on input line 136.
(pdftex.def)             Requested size: 396.39595pt x 445.93886pt.

Underfull \vbox (badness 1609) has occurred while \output is active []

 [4

 <./figure/5-1.pdf> <./figure/6-1.pdf> <./figure/7-1.pdf>]
Package color Info: Redefining color shadecolor on input line 144.
<figure/8-1.pdf, id=159, 1156.32pt x 578.16pt>
File: figure/8-1.pdf Graphic file (type pdf)
<use figure/8-1.pdf>
Package pdftex.def Info: figure/8-1.pdf  used on input line 145.
(pdftex.def)             Requested size: 802.79192pt x 401.39217pt.
 [5

 <./figure/8-1.pdf>]
Package color Info: Redefining color shadecolor on input line 154.
<figure/9-1.pdf, id=170, 505.89pt x 252.945pt>
File: figure/9-1.pdf Graphic file (type pdf)
<use figure/9-1.pdf>
Package pdftex.def Info: figure/9-1.pdf  used on input line 155.
(pdftex.def)             Requested size: 396.39595pt x 198.20331pt.
Package color Info: Redefining color shadecolor on input line 162.
<figure/10-1.pdf, id=171, 505.89pt x 325.215pt>
File: figure/10-1.pdf Graphic file (type pdf)
<use figure/10-1.pdf>
Package pdftex.def Info: figure/10-1.pdf  used on input line 163.
(pdftex.def)             Requested size: 396.39595pt x 254.83282pt.
Package color Info: Redefining color shadecolor on input line 170.
<figure/11-1.pdf, id=172, 578.16pt x 650.43pt>
File: figure/11-1.pdf Graphic file (type pdf)
<use figure/11-1.pdf>
Package pdftex.def Info: figure/11-1.pdf  used on input line 171.
(pdftex.def)             Requested size: 396.39595pt x 445.93886pt.

Underfull \vbox (badness 1584) has occurred while \output is active []

 [6

 <./figure/9-1.pdf> <./figure/10-1.pdf> <./figure/11-1.pdf>]
Package color Info: Redefining color shadecolor on input line 179.
<figure/12-1.pdf, id=193, 1156.32pt x 578.16pt>
File: figure/12-1.pdf Graphic file (type pdf)
<use figure/12-1.pdf>
Package pdftex.def Info: figure/12-1.pdf  used on input line 180.
(pdftex.def)             Requested size: 802.79192pt x 401.39217pt.
 [7

 <./figure/12-1.pdf>]
Package color Info: Redefining color shadecolor on input line 189.
<figure/13-1.pdf, id=205, 505.89pt x 252.945pt>
File: figure/13-1.pdf Graphic file (type pdf)
<use figure/13-1.pdf>
Package pdftex.def Info: figure/13-1.pdf  used on input line 190.
(pdftex.def)             Requested size: 396.39595pt x 198.20331pt.
Package color Info: Redefining color shadecolor on input line 197.
<figure/14-1.pdf, id=206, 505.89pt x 325.215pt>
File: figure/14-1.pdf Graphic file (type pdf)
<use figure/14-1.pdf>
Package pdftex.def Info: figure/14-1.pdf  used on input line 198.
(pdftex.def)             Requested size: 396.39595pt x 254.83282pt.
Package color Info: Redefining color shadecolor on input line 205.
<figure/15-1.pdf, id=207, 578.16pt x 650.43pt>
File: figure/15-1.pdf Graphic file (type pdf)
<use figure/15-1.pdf>
Package pdftex.def Info: figure/15-1.pdf  used on input line 206.
(pdftex.def)             Requested size: 396.39595pt x 445.93886pt.

Underfull \vbox (badness 1142) has occurred while \output is active []

 [8

 <./figure/13-1.pdf> <./figure/14-1.pdf> <./figure/15-1.pdf>]
Package color Info: Redefining color shadecolor on input line 214.
<figure/16-1.pdf, id=228, 1156.32pt x 578.16pt>
File: figure/16-1.pdf Graphic file (type pdf)
<use figure/16-1.pdf>
Package pdftex.def Info: figure/16-1.pdf  used on input line 215.
(pdftex.def)             Requested size: 802.79192pt x 401.39217pt.
 [9

 <./figure/16-1.pdf>]
Package color Info: Redefining color shadecolor on input line 227.
<figure/17-1.pdf, id=239, 1156.32pt x 650.43pt>
File: figure/17-1.pdf Graphic file (type pdf)
<use figure/17-1.pdf>
Package pdftex.def Info: figure/17-1.pdf  used on input line 228.
(pdftex.def)             Requested size: 396.39595pt x 222.96942pt.
Package color Info: Redefining color shadecolor on input line 236.
<figure/18-1.pdf, id=240, 1156.32pt x 650.43pt>
File: figure/18-1.pdf Graphic file (type pdf)
<use figure/18-1.pdf>
Package pdftex.def Info: figure/18-1.pdf  used on input line 237.
(pdftex.def)             Requested size: 396.39595pt x 222.96942pt.

Underfull \vbox (badness 10000) has occurred while \output is active []

Package color Info: Redefining color shadecolor on input line 245.
<figure/19-1.pdf, id=241, 1156.32pt x 650.43pt>
File: figure/19-1.pdf Graphic file (type pdf)
<use figure/19-1.pdf>
Package pdftex.def Info: figure/19-1.pdf  used on input line 246.
(pdftex.def)             Requested size: 396.39595pt x 222.96942pt.
Package color Info: Redefining color shadecolor on input line 254.
<figure/20-1.pdf, id=242, 1156.32pt x 650.43pt>
File: figure/20-1.pdf Graphic file (type pdf)
<use figure/20-1.pdf>
Package pdftex.def Info: figure/20-1.pdf  used on input line 255.
(pdftex.def)             Requested size: 396.39595pt x 222.96942pt.
 [10

 <./figure/17-1.pdf> <./figure/18-1.pdf> <./figure/19-1.pdf>]
Package color Info: Redefining color shadecolor on input line 264.
<figure/21-1.pdf, id=262, 1156.32pt x 650.43pt>
File: figure/21-1.pdf Graphic file (type pdf)
<use figure/21-1.pdf>
Package pdftex.def Info: figure/21-1.pdf  used on input line 265.
(pdftex.def)             Requested size: 396.39595pt x 222.96942pt.

Underfull \vbox (badness 10000) has occurred while \output is active []

Package color Info: Redefining color shadecolor on input line 273.
<figure/22-1.pdf, id=263, 1156.32pt x 650.43pt>
File: figure/22-1.pdf Graphic file (type pdf)
<use figure/22-1.pdf>
Package pdftex.def Info: figure/22-1.pdf  used on input line 274.
(pdftex.def)             Requested size: 396.39595pt x 222.96942pt.

Underfull \vbox (badness 10000) has occurred while \output is active []

 [11 <./figure/20-1.pdf> <./figure/21-1.pdf>]
Package color Info: Redefining color shadecolor on input line 282.
<figure/23-1.pdf, id=278, 1156.32pt x 650.43pt>
File: figure/23-1.pdf Graphic file (type pdf)
<use figure/23-1.pdf>
Package pdftex.def Info: figure/23-1.pdf  used on input line 283.
(pdftex.def)             Requested size: 396.39595pt x 222.96942pt.
Package color Info: Redefining color shadecolor on input line 291.
<figure/24-1.pdf, id=279, 1156.32pt x 650.43pt>
File: figure/24-1.pdf Graphic file (type pdf)
<use figure/24-1.pdf>
Package pdftex.def Info: figure/24-1.pdf  used on input line 292.
(pdftex.def)             Requested size: 396.39595pt x 222.96942pt.
 [12 <./figure/22-1.pdf> <./figure/23-1.pdf> <./figure/24-1.pdf>] (CompareScena
rios.aux)
Package rerunfilecheck Info: File `CompareScenarios.out' has not changed.
(rerunfilecheck)             Checksum: B6B9CC4E88CF2036E40458010E133DC8;1976.
 ) 
Here is how much of TeX's memory you used:
 8286 strings out of 478927
 125682 string characters out of 2862384
 430467 words of memory out of 3000000
 26001 multiletter control sequences out of 15000+600000
 404948 words of font info for 32 fonts, out of 8000000 for 9000
 1141 hyphenation exceptions out of 8191
 60i,6n,66p,290b,323s stack positions out of 5000i,500n,10000p,200000b,80000s
<C:/Program Files/MiKTeX/fonts/type1/public/amsfonts/cm/cmbx10.pfb><C:/Progra
m Files/MiKTeX/fonts/type1/public/amsfonts/cm/cmbx12.pfb><C:/Program Files/MiKT
eX/fonts/type1/public/amsfonts/cm/cmr10.pfb>
Output written on CompareScenarios.pdf (12 pages, 724168 bytes).
PDF statistics:
 322 PDF objects out of 1000 (max. 8388607)
 32 named destinations out of 1000 (max. 500000)
 265 words of extra memory for PDF output out of 10000 (max. 10000000)

